{
  "RSpec": {
    "coverage": {
      "/Users/latham/projects/smart-log-parser/spec/parser_spec.rb": {
        "lines": [
          1,
          1,
          1,
          null,
          1,
          1,
          2,
          null,
          1,
          2,
          null,
          null,
          null,
          1,
          2,
          2,
          null,
          2,
          null,
          1,
          1,
          null,
          null,
          1,
          1,
          null,
          null,
          null,
          1,
          2,
          2,
          null,
          2,
          null,
          1,
          1,
          1,
          null,
          2,
          null,
          null,
          null,
          1,
          3,
          3,
          null,
          1,
          2,
          null,
          null,
          1,
          1,
          1,
          null,
          2,
          null,
          null,
          1,
          1,
          1,
          null,
          2,
          null,
          null,
          null,
          1,
          2,
          2,
          null,
          2,
          null,
          1,
          1,
          null,
          null,
          1,
          1,
          1,
          null,
          2,
          null,
          null,
          null,
          1,
          1,
          1,
          null,
          null,
          null,
          1,
          1,
          1,
          null,
          null,
          null,
          1,
          1,
          1,
          null,
          null,
          null
        ]
      },
      "/Users/latham/projects/smart-log-parser/log_parser.rb": {
        "lines": [
          null,
          null,
          null,
          1,
          1,
          null,
          1,
          6,
          1,
          null,
          5,
          5,
          5,
          null,
          null,
          null,
          1,
          3,
          3,
          3,
          3,
          null,
          null,
          1,
          5,
          5,
          null,
          5,
          11,
          2,
          2,
          2,
          null,
          null,
          null,
          3,
          3,
          null,
          null,
          null,
          1,
          3,
          6,
          6,
          null,
          null,
          null,
          1,
          9,
          null,
          null,
          1,
          6,
          3,
          3,
          null,
          null,
          null,
          null,
          1,
          0,
          null
        ]
      }
    },
    "timestamp": 1595800886
  }
}
